2023.08.25 11:51:47 INFO  Started: Metals version 1.0.0 in folders '/Users/dinirubanuka/Documents/GitHub/FUNCTIONAL-PROGRAMING-9' for client Visual Studio Code 1.81.1.
Aug 25, 2023 11:51:47 AM org.flywaydb.core.internal.license.VersionPrinter printVersionOnly
INFO: Flyway Community Edition 9.20.1 by Redgate
Aug 25, 2023 11:51:47 AM org.flywaydb.core.internal.license.VersionPrinter printVersion
INFO: See release notes here: https://rd.gt/416ObMi
Aug 25, 2023 11:51:47 AM org.flywaydb.core.internal.license.VersionPrinter printVersion
INFO: 
Aug 25, 2023 11:51:48 AM org.flywaydb.core.internal.database.base.BaseDatabaseType createDatabase
INFO: Database: jdbc:h2:file:/Users/dinirubanuka/Documents/GitHub/FUNCTIONAL-PROGRAMING-9/.metals/metals (H2 2.1)
Aug 25, 2023 11:51:48 AM org.flywaydb.core.internal.schemahistory.JdbcTableSchemaHistory allAppliedMigrations
INFO: Schema history table "PUBLIC"."flyway_schema_history" does not exist yet
Aug 25, 2023 11:51:48 AM org.flywaydb.core.internal.command.DbValidate validate
INFO: Successfully validated 4 migrations (execution time 00:00.025s)
Aug 25, 2023 11:51:48 AM org.flywaydb.core.internal.schemahistory.JdbcTableSchemaHistory create
INFO: Creating Schema History table "PUBLIC"."flyway_schema_history" ...
Aug 25, 2023 11:51:48 AM org.flywaydb.core.internal.command.DbMigrate migrateGroup
INFO: Current version of schema "PUBLIC": << Empty Schema >>
Aug 25, 2023 11:51:48 AM org.flywaydb.core.internal.command.DbMigrate doMigrateGroup
INFO: Migrating schema "PUBLIC" to version "1 - Create tables"
Aug 25, 2023 11:51:48 AM org.flywaydb.core.internal.command.DbMigrate doMigrateGroup
INFO: Migrating schema "PUBLIC" to version "2 - Server discovery"
Aug 25, 2023 11:51:48 AM org.flywaydb.core.internal.command.DbMigrate doMigrateGroup
INFO: Migrating schema "PUBLIC" to version "3 - Jar symbols"
Aug 25, 2023 11:51:48 AM org.flywaydb.core.internal.command.DbMigrate doMigrateGroup
INFO: Migrating schema "PUBLIC" to version "4 - Fingerprints"
Aug 25, 2023 11:51:48 AM org.flywaydb.core.internal.command.DbMigrate logSummary
INFO: Successfully applied 4 migrations to schema "PUBLIC", now at version v4 (execution time 00:00.027s)
2023.08.25 11:51:48 INFO  time: initialize in 0.78s
2023.08.25 11:51:52 WARN  Build server is not auto-connectable.
